<?xml version="1.0" encoding="UTF-8"?>
<!-- Generated by org.testng.reporters.JUnitXMLReporter -->
<testsuite hostname="AT-ESLap12" ignored="0" name="Customers Test" tests="4" failures="0" timestamp="27 Dec 2020 14:56:27 GMT" time="9.187" errors="0">
  <testcase name="customersTest" time="2.575" classname="testCases.CustomersTest"/>
  <testcase name="customersTest" time="2.207" classname="testCases.CustomersTest"/>
  <testcase name="customersTest" time="2.219" classname="testCases.CustomersTest"/>
  <testcase name="customersTest" time="2.183" classname="testCases.CustomersTest"/>
</testsuite> <!-- Customers Test -->
