<?xml version="1.0" encoding="UTF-8"?>
<!-- Generated by org.testng.reporters.JUnitXMLReporter -->
<testsuite hostname="AT-ESLap12" ignored="0" name="Customers Test" tests="4" failures="0" timestamp="27 Dec 2020 14:54:43 GMT" time="9.436" errors="0">
  <testcase name="customersTest" time="2.761" classname="testCases.CustomersTest"/>
  <testcase name="customersTest" time="2.21" classname="testCases.CustomersTest"/>
  <testcase name="customersTest" time="2.207" classname="testCases.CustomersTest"/>
  <testcase name="customersTest" time="2.246" classname="testCases.CustomersTest"/>
</testsuite> <!-- Customers Test -->
